# JRE version: OpenJDK Runtime Environment Temurin-21.0.10+7 (21.0.10+7) (build 21.0.10+7-LTS)
# Java VM: OpenJDK 64-Bit Server VM Temurin-21.0.10+7 (21.0.10+7-LTS, mixed mode, sharing, tiered, compressed oops, compressed class ptrs, parallel gc, windows-amd64)
GC Precious Log:
 CardTable entry size: 512
 CPUs: 12 total, 12 available
 Memory: 7518M
 Large Page Support: Disabled
 NUMA Support: Disabled
 Compressed Oops: Enabled (32-bit)
 Alignments: Space 512K, Generation 512K, Heap 2M
 Heap Min Capacity: 100M
 Heap Initial Capacity: 100M
 Heap Max Capacity: 2G
 Pre-touch: Disabled
 Parallel Workers: 10
Heap:
 PSYoungGen      total 4608K, used 2275K [0x00000000d5580000, 0x00000000d5b80000, 0x0000000100000000)
  eden space 4096K, 48% used [0x00000000d5580000,0x00000000d5770ca8,0x00000000d5980000)
  from space 512K, 56% used [0x00000000d5b00000,0x00000000d5b48000,0x00000000d5b80000)
  to   space 512K, 0% used [0x00000000d5a80000,0x00000000d5a80000,0x00000000d5b00000)
 ParOldGen       total 564224K, used 563401K [0x0000000080000000, 0x00000000a2700000, 0x00000000d5580000)
  object space 564224K, 99% used [0x0000000080000000,0x00000000a2632520,0x00000000a2700000)
 Metaspace       used 91379K, committed 93504K, reserved 1179648K
  class space    used 9271K, committed 10368K, reserved 1048576K
GC Heap History (20 events):
Event: 22284.533 GC heap before
{Heap before GC invocations=1479 (full 5):
 PSYoungGen      total 4096K, used 3744K [0x00000000d5580000, 0x00000000d5c80000, 0x0000000100000000)
  eden space 2048K, 100% used [0x00000000d5580000,0x00000000d5780000,0x00000000d5780000)
  from space 2048K, 82% used [0x00000000d5a80000,0x00000000d5c28000,0x00000000d5c80000)
  to   space 2048K, 0% used [0x00000000d5880000,0x00000000d5880000,0x00000000d5a80000)
 ParOldGen       total 515584K, used 515238K [0x0000000080000000, 0x000000009f780000, 0x00000000d5580000)
  object space 515584K, 99% used [0x0000000080000000,0x000000009f729870,0x000000009f780000)
 Metaspace       used 91357K, committed 93504K, reserved 1179648K
  class space    used 9270K, committed 10368K, reserved 1048576K
}
Event: 22284.538 GC heap after
{Heap after GC invocations=1479 (full 5):
 PSYoungGen      total 4608K, used 2048K [0x00000000d5580000, 0x00000000d6000000, 0x0000000100000000)
  eden space 2560K, 0% used [0x00000000d5580000,0x00000000d5580000,0x00000000d5800000)
  from space 2048K, 100% used [0x00000000d5880000,0x00000000d5a80000,0x00000000d5a80000)
  to   space 4096K, 0% used [0x00000000d5c00000,0x00000000d5c00000,0x00000000d6000000)
 ParOldGen       total 517120K, used 516822K [0x0000000080000000, 0x000000009f900000, 0x00000000d5580000)
  object space 517120K, 99% used [0x0000000080000000,0x000000009f8b5870,0x000000009f900000)
 Metaspace       used 91357K, committed 93504K, reserved 1179648K
  class space    used 9270K, committed 10368K, reserved 1048576K
}
Event: 22284.554 GC heap before
{Heap before GC invocations=1480 (full 5):
 PSYoungGen      total 4608K, used 4393K [0x00000000d5580000, 0x00000000d6000000, 0x0000000100000000)
  eden space 2560K, 91% used [0x00000000d5580000,0x00000000d57ca410,0x00000000d5800000)
  from space 2048K, 100% used [0x00000000d5880000,0x00000000d5a80000,0x00000000d5a80000)
  to   space 4096K, 0% used [0x00000000d5c00000,0x00000000d5c00000,0x00000000d6000000)
 ParOldGen       total 517120K, used 516822K [0x0000000080000000, 0x000000009f900000, 0x00000000d5580000)
  object space 517120K, 99% used [0x0000000080000000,0x000000009f8b5870,0x000000009f900000)
 Metaspace       used 91357K, committed 93504K, reserved 1179648K
  class space    used 9270K, committed 10368K, reserved 1048576K
}
Event: 22284.562 GC heap after
{Heap after GC invocations=1480 (full 5):
 PSYoungGen      total 5632K, used 2240K [0x00000000d5580000, 0x00000000d5e80000, 0x0000000100000000)
  eden space 3072K, 0% used [0x00000000d5580000,0x00000000d5580000,0x00000000d5880000)
  from space 2560K, 87% used [0x00000000d5c00000,0x00000000d5e30000,0x00000000d5e80000)
  to   space 3072K, 0% used [0x00000000d5880000,0x00000000d5880000,0x00000000d5b80000)
 ParOldGen       total 519168K, used 518870K [0x0000000080000000, 0x000000009fb00000, 0x00000000d5580000)
  object space 519168K, 99% used [0x0000000080000000,0x000000009fab5870,0x000000009fb00000)
 Metaspace       used 91357K, committed 93504K, reserved 1179648K
  class space    used 9270K, committed 10368K, reserved 1048576K
}
Event: 22284.652 GC heap before
{Heap before GC invocations=1481 (full 5):
 PSYoungGen      total 5632K, used 5311K [0x00000000d5580000, 0x00000000d5e80000, 0x0000000100000000)
  eden space 3072K, 99% used [0x00000000d5580000,0x00000000d587ff38,0x00000000d5880000)
  from space 2560K, 87% used [0x00000000d5c00000,0x00000000d5e30000,0x00000000d5e80000)
  to   space 3072K, 0% used [0x00000000d5880000,0x00000000d5880000,0x00000000d5b80000)
 ParOldGen       total 521216K, used 520761K [0x0000000080000000, 0x000000009fd00000, 0x00000000d5580000)
  object space 521216K, 99% used [0x0000000080000000,0x000000009fc8e6f0,0x000000009fd00000)
 Metaspace       used 91358K, committed 93504K, reserved 1179648K
  class space    used 9270K, committed 10368K, reserved 1048576K
}
Event: 22284.660 GC heap after
{Heap after GC invocations=1481 (full 5):
 PSYoungGen      total 6144K, used 2980K [0x00000000d5580000, 0x00000000d6080000, 0x0000000100000000)
  eden space 3072K, 0% used [0x00000000d5580000,0x00000000d5580000,0x00000000d5880000)
  from space 3072K, 97% used [0x00000000d5880000,0x00000000d5b69020,0x00000000d5b80000)
  to   space 3584K, 0% used [0x00000000d5d00000,0x00000000d5d00000,0x00000000d6080000)
 ParOldGen       total 522752K, used 522433K [0x0000000080000000, 0x000000009fe80000, 0x00000000d5580000)
  object space 522752K, 99% used [0x0000000080000000,0x000000009fe306f0,0x000000009fe80000)
 Metaspace       used 91358K, committed 93504K, reserved 1179648K
  class space    used 9270K, committed 10368K, reserved 1048576K
}
Event: 22284.761 GC heap before
{Heap before GC invocations=1482 (full 5):
 PSYoungGen      total 6144K, used 6010K [0x00000000d5580000, 0x00000000d6080000, 0x0000000100000000)
  eden space 3072K, 98% used [0x00000000d5580000,0x00000000d5875870,0x00000000d5880000)
  from space 3072K, 97% used [0x00000000d5880000,0x00000000d5b69020,0x00000000d5b80000)
  to   space 3584K, 0% used [0x00000000d5d00000,0x00000000d5d00000,0x00000000d6080000)
 ParOldGen       total 522752K, used 522433K [0x0000000080000000, 0x000000009fe80000, 0x00000000d5580000)
  object space 522752K, 99% used [0x0000000080000000,0x000000009fe306f0,0x000000009fe80000)
 Metaspace       used 91361K, committed 93504K, reserved 1179648K
  class space    used 9270K, committed 10368K, reserved 1048576K
}
Event: 22284.773 GC heap after
{Heap after GC invocations=1482 (full 5):
 PSYoungGen      total 7168K, used 2994K [0x00000000d5580000, 0x00000000d6000000, 0x0000000100000000)
  eden space 4096K, 0% used [0x00000000d5580000,0x00000000d5580000,0x00000000d5980000)
  from space 3072K, 97% used [0x00000000d5d00000,0x00000000d5fec810,0x00000000d6000000)
  to   space 3072K, 0% used [0x00000000d5a00000,0x00000000d5a00000,0x00000000d5d00000)
 ParOldGen       total 525312K, used 525153K [0x0000000080000000, 0x00000000a0100000, 0x00000000d5580000)
  object space 525312K, 99% used [0x0000000080000000,0x00000000a00d8498,0x00000000a0100000)
 Metaspace       used 91361K, committed 93504K, reserved 1179648K
  class space    used 9270K, committed 10368K, reserved 1048576K
}
Event: 22285.047 GC heap before
{Heap before GC invocations=1483 (full 5):
 PSYoungGen      total 7168K, used 7090K [0x00000000d5580000, 0x00000000d6000000, 0x0000000100000000)
  eden space 4096K, 100% used [0x00000000d5580000,0x00000000d5980000,0x00000000d5980000)
  from space 3072K, 97% used [0x00000000d5d00000,0x00000000d5fec810,0x00000000d6000000)
  to   space 3072K, 0% used [0x00000000d5a00000,0x00000000d5a00000,0x00000000d5d00000)
 ParOldGen       total 525312K, used 525153K [0x0000000080000000, 0x00000000a0100000, 0x00000000d5580000)
  object space 525312K, 99% used [0x0000000080000000,0x00000000a00d8498,0x00000000a0100000)
 Metaspace       used 91362K, committed 93504K, reserved 1179648K
  class space    used 9270K, committed 10368K, reserved 1048576K
}
Event: 22285.059 GC heap after
{Heap after GC invocations=1483 (full 5):
 PSYoungGen      total 6144K, used 1799K [0x00000000d5580000, 0x00000000d5e80000, 0x0000000100000000)
  eden space 4096K, 0% used [0x00000000d5580000,0x00000000d5580000,0x00000000d5980000)
  from space 2048K, 87% used [0x00000000d5a00000,0x00000000d5bc1ef8,0x00000000d5c00000)
  to   space 2560K, 0% used [0x00000000d5c00000,0x00000000d5c00000,0x00000000d5e80000)
 ParOldGen       total 528384K, used 528046K [0x0000000080000000, 0x00000000a0400000, 0x00000000d5580000)
  object space 528384K, 99% used [0x0000000080000000,0x00000000a03ab858,0x00000000a0400000)
 Metaspace       used 91362K, committed 93504K, reserved 1179648K
  class space    used 9270K, committed 10368K, reserved 1048576K
}
Event: 22285.178 GC heap before
{Heap before GC invocations=1484 (full 5):
 PSYoungGen      total 6144K, used 5895K [0x00000000d5580000, 0x00000000d5e80000, 0x0000000100000000)
  eden space 4096K, 100% used [0x00000000d5580000,0x00000000d5980000,0x00000000d5980000)
  from space 2048K, 87% used [0x00000000d5a00000,0x00000000d5bc1ef8,0x00000000d5c00000)
  to   space 2560K, 0% used [0x00000000d5c00000,0x00000000d5c00000,0x00000000d5e80000)
 ParOldGen       total 528384K, used 528046K [0x0000000080000000, 0x00000000a0400000, 0x00000000d5580000)
  object space 528384K, 99% used [0x0000000080000000,0x00000000a03ab858,0x00000000a0400000)
 Metaspace       used 91362K, committed 93504K, reserved 1179648K
  class space    used 9270K, committed 10368K, reserved 1048576K
}
Event: 22285.183 GC heap after
{Heap after GC invocations=1484 (full 5):
 PSYoungGen      total 6144K, used 1601K [0x00000000d5580000, 0x00000000d5e00000, 0x0000000100000000)
  eden space 4096K, 0% used [0x00000000d5580000,0x00000000d5580000,0x00000000d5980000)
  from space 2048K, 78% used [0x00000000d5c00000,0x00000000d5d90798,0x00000000d5e00000)
  to   space 2048K, 0% used [0x00000000d5a00000,0x00000000d5a00000,0x00000000d5c00000)
 ParOldGen       total 529920K, used 529705K [0x0000000080000000, 0x00000000a0580000, 0x00000000d5580000)
  object space 529920K, 99% used [0x0000000080000000,0x00000000a054a650,0x00000000a0580000)
 Metaspace       used 91362K, committed 93504K, reserved 1179648K
  class space    used 9270K, committed 10368K, reserved 1048576K
}
Event: 22285.281 GC heap before
{Heap before GC invocations=1485 (full 5):
 PSYoungGen      total 6144K, used 5697K [0x00000000d5580000, 0x00000000d5e00000, 0x0000000100000000)
  eden space 4096K, 100% used [0x00000000d5580000,0x00000000d5980000,0x00000000d5980000)
  from space 2048K, 78% used [0x00000000d5c00000,0x00000000d5d90798,0x00000000d5e00000)
  to   space 2048K, 0% used [0x00000000d5a00000,0x00000000d5a00000,0x00000000d5c00000)
 ParOldGen       total 529920K, used 529705K [0x0000000080000000, 0x00000000a0580000, 0x00000000d5580000)
  object space 529920K, 99% used [0x0000000080000000,0x00000000a054a650,0x00000000a0580000)
 Metaspace       used 91363K, committed 93504K, reserved 1179648K
  class space    used 9270K, committed 10368K, reserved 1048576K
}
Event: 22285.287 GC heap after
{Heap after GC invocations=1485 (full 5):
 PSYoungGen      total 5632K, used 1469K [0x00000000d5580000, 0x00000000d5d80000, 0x0000000100000000)
  eden space 4096K, 0% used [0x00000000d5580000,0x00000000d5580000,0x00000000d5980000)
  from space 1536K, 95% used [0x00000000d5a00000,0x00000000d5b6f408,0x00000000d5b80000)
  to   space 2048K, 0% used [0x00000000d5b80000,0x00000000d5b80000,0x00000000d5d80000)
 ParOldGen       total 531456K, used 531170K [0x0000000080000000, 0x00000000a0700000, 0x00000000d5580000)
  object space 531456K, 99% used [0x0000000080000000,0x00000000a06b8890,0x00000000a0700000)
 Metaspace       used 91363K, committed 93504K, reserved 1179648K
  class space    used 9270K, committed 10368K, reserved 1048576K
}
Event: 22285.367 GC heap before
{Heap before GC invocations=1486 (full 5):
 PSYoungGen      total 5632K, used 5565K [0x00000000d5580000, 0x00000000d5d80000, 0x0000000100000000)
  eden space 4096K, 100% used [0x00000000d5580000,0x00000000d5980000,0x00000000d5980000)
  from space 1536K, 95% used [0x00000000d5a00000,0x00000000d5b6f408,0x00000000d5b80000)
  to   space 2048K, 0% used [0x00000000d5b80000,0x00000000d5b80000,0x00000000d5d80000)
 ParOldGen       total 531456K, used 531170K [0x0000000080000000, 0x00000000a0700000, 0x00000000d5580000)
  object space 531456K, 99% used [0x0000000080000000,0x00000000a06b8890,0x00000000a0700000)
 Metaspace       used 91364K, committed 93504K, reserved 1179648K
  class space    used 9270K, committed 10368K, reserved 1048576K
}
Event: 22285.372 GC heap after
{Heap after GC invocations=1486 (full 5):
 PSYoungGen      total 5120K, used 1012K [0x00000000d5580000, 0x00000000d5c80000, 0x0000000100000000)
  eden space 4096K, 0% used [0x00000000d5580000,0x00000000d5580000,0x00000000d5980000)
  from space 1024K, 98% used [0x00000000d5b80000,0x00000000d5c7d200,0x00000000d5c80000)
  to   space 1536K, 0% used [0x00000000d5980000,0x00000000d5980000,0x00000000d5b00000)
 ParOldGen       total 532480K, used 532113K [0x0000000080000000, 0x00000000a0800000, 0x00000000d5580000)
  object space 532480K, 99% used [0x0000000080000000,0x00000000a07a46f0,0x00000000a0800000)
 Metaspace       used 91364K, committed 93504K, reserved 1179648K
  class space    used 9270K, committed 10368K, reserved 1048576K
}
Event: 22340.612 GC heap before
{Heap before GC invocations=1487 (full 5):
 PSYoungGen      total 5120K, used 5108K [0x00000000d5580000, 0x00000000d5c80000, 0x0000000100000000)
  eden space 4096K, 99% used [0x00000000d5580000,0x00000000d597ff98,0x00000000d5980000)
  from space 1024K, 98% used [0x00000000d5b80000,0x00000000d5c7d200,0x00000000d5c80000)
  to   space 1536K, 0% used [0x00000000d5980000,0x00000000d5980000,0x00000000d5b00000)
 ParOldGen       total 564224K, used 562833K [0x0000000080000000, 0x00000000a2700000, 0x00000000d5580000)
  object space 564224K, 99% used [0x0000000080000000,0x00000000a25a4720,0x00000000a2700000)
 Metaspace       used 91368K, committed 93504K, reserved 1179648K
  class space    used 9271K, committed 10368K, reserved 1048576K
}
Event: 22340.784 GC heap after
{Heap after GC invocations=1487 (full 5):
 PSYoungGen      total 5632K, used 352K [0x00000000d5580000, 0x00000000d5c00000, 0x0000000100000000)
  eden space 4096K, 0% used [0x00000000d5580000,0x00000000d5580000,0x00000000d5980000)
  from space 1536K, 22% used [0x00000000d5980000,0x00000000d59d8000,0x00000000d5b00000)
  to   space 1024K, 0% used [0x00000000d5b00000,0x00000000d5b00000,0x00000000d5c00000)
 ParOldGen       total 564224K, used 563345K [0x0000000080000000, 0x00000000a2700000, 0x00000000d5580000)
  object space 564224K, 99% used [0x0000000080000000,0x00000000a2624520,0x00000000a2700000)
 Metaspace       used 91368K, committed 93504K, reserved 1179648K
  class space    used 9271K, committed 10368K, reserved 1048576K
}
Event: 22511.455 GC heap before
{Heap before GC invocations=1488 (full 5):
 PSYoungGen      total 5632K, used 4447K [0x00000000d5580000, 0x00000000d5c00000, 0x0000000100000000)
  eden space 4096K, 99% used [0x00000000d5580000,0x00000000d597fff8,0x00000000d5980000)
  from space 1536K, 22% used [0x00000000d5980000,0x00000000d59d8000,0x00000000d5b00000)
  to   space 1024K, 0% used [0x00000000d5b00000,0x00000000d5b00000,0x00000000d5c00000)
 ParOldGen       total 564224K, used 563345K [0x0000000080000000, 0x00000000a2700000, 0x00000000d5580000)
  object space 564224K, 99% used [0x0000000080000000,0x00000000a2624520,0x00000000a2700000)
 Metaspace       used 91376K, committed 93504K, reserved 1179648K
  class space    used 9271K, committed 10368K, reserved 1048576K
}
Event: 22511.552 GC heap after
{Heap after GC invocations=1488 (full 5):
 PSYoungGen      total 4608K, used 288K [0x00000000d5580000, 0x00000000d5b80000, 0x0000000100000000)
  eden space 4096K, 0% used [0x00000000d5580000,0x00000000d5580000,0x00000000d5980000)
  from space 512K, 56% used [0x00000000d5b00000,0x00000000d5b48000,0x00000000d5b80000)
  to   space 512K, 0% used [0x00000000d5a80000,0x00000000d5a80000,0x00000000d5b00000)
 ParOldGen       total 564224K, used 563401K [0x0000000080000000, 0x00000000a2700000, 0x00000000d5580000)
  object space 564224K, 99% used [0x0000000080000000,0x00000000a2632520,0x00000000a2700000)
 Metaspace       used 91376K, committed 93504K, reserved 1179648K
  class space    used 9271K, committed 10368K, reserved 1048576K
}

